<?xml version="1.0" encoding="UTF-8"?>
<testsuite name="Sql2oCustomerDaoTest" tests="6" skipped="0" failures="0" errors="0" timestamp="2016-09-29T01:07:04" hostname="dhcp30.merunorth107.iit.edu" time="0.042">
  <properties/>
  <testcase name="findQueryNull" classname="Sql2oCustomerDaoTest" time="0.008"/>
  <testcase name="findByEmailNull" classname="Sql2oCustomerDaoTest" time="0.009"/>
  <testcase name="findAll" classname="Sql2oCustomerDaoTest" time="0.007"/>
  <testcase name="add" classname="Sql2oCustomerDaoTest" time="0.004"/>
  <testcase name="find" classname="Sql2oCustomerDaoTest" time="0.006"/>
  <testcase name="findByEmail" classname="Sql2oCustomerDaoTest" time="0.006"/>
  <system-out><![CDATA[]]></system-out>
  <system-err><![CDATA[]]></system-err>
</testsuite>
