<?xml version="1.0" encoding="UTF-8"?>
<testsuite name="com.aqueel.project.Sql2oExtrasDaoTest" tests="2" skipped="0" failures="0" errors="0" timestamp="2016-09-29T00:59:46" hostname="dhcp30.merunorth107.iit.edu" time="0.01">
  <properties/>
  <testcase name="update" classname="com.aqueel.project.Sql2oExtrasDaoTest" time="0.006"/>
  <testcase name="get" classname="com.aqueel.project.Sql2oExtrasDaoTest" time="0.004"/>
  <system-out><![CDATA[]]></system-out>
  <system-err><![CDATA[]]></system-err>
</testsuite>
