<?xml version="1.0" encoding="UTF-8"?>
<testsuite name="Sql2oItemDaoTest" tests="5" skipped="0" failures="0" errors="0" timestamp="2016-09-29T01:07:04" hostname="dhcp30.merunorth107.iit.edu" time="0.032">
  <properties/>
  <testcase name="findall" classname="Sql2oItemDaoTest" time="0.009"/>
  <testcase name="add" classname="Sql2oItemDaoTest" time="0.006"/>
  <testcase name="find" classname="Sql2oItemDaoTest" time="0.006"/>
  <testcase name="findEmpty" classname="Sql2oItemDaoTest" time="0.005"/>
  <testcase name="addNotWorks" classname="Sql2oItemDaoTest" time="0.005"/>
  <system-out><![CDATA[]]></system-out>
  <system-err><![CDATA[]]></system-err>
</testsuite>
