<?xml version="1.0" encoding="UTF-8"?>
<testsuite name="com.aqueel.project.Sql2oFoodDaoTest" tests="4" skipped="0" failures="0" errors="0" timestamp="2016-09-29T00:59:46" hostname="dhcp30.merunorth107.iit.edu" time="0.035">
  <properties/>
  <testcase name="findAll" classname="com.aqueel.project.Sql2oFoodDaoTest" time="0.005"/>
  <testcase name="update" classname="com.aqueel.project.Sql2oFoodDaoTest" time="0.007"/>
  <testcase name="findById" classname="com.aqueel.project.Sql2oFoodDaoTest" time="0.017"/>
  <testcase name="add" classname="com.aqueel.project.Sql2oFoodDaoTest" time="0.004"/>
  <system-out><![CDATA[]]></system-out>
  <system-err><![CDATA[]]></system-err>
</testsuite>
