<?xml version="1.0" encoding="UTF-8"?>
<testsuite name="Sql2oExtrasDaoTest" tests="2" skipped="0" failures="0" errors="0" timestamp="2016-09-29T07:43:33" hostname="dhcp30.merunorth107.iit.edu" time="0.009">
  <properties/>
  <testcase name="update" classname="Sql2oExtrasDaoTest" time="0.005"/>
  <testcase name="get" classname="Sql2oExtrasDaoTest" time="0.004"/>
  <system-out><![CDATA[]]></system-out>
  <system-err><![CDATA[]]></system-err>
</testsuite>
