<?xml version="1.0" encoding="UTF-8"?>
<testsuite name="com.aqueel.project.Sql2oCategoryDaoTest" tests="3" skipped="0" failures="0" errors="0" timestamp="2016-09-29T00:59:46" hostname="dhcp30.merunorth107.iit.edu" time="0.019">
  <properties/>
  <testcase name="add" classname="com.aqueel.project.Sql2oCategoryDaoTest" time="0.005"/>
  <testcase name="find" classname="com.aqueel.project.Sql2oCategoryDaoTest" time="0.007"/>
  <testcase name="addNotWorks" classname="com.aqueel.project.Sql2oCategoryDaoTest" time="0.007"/>
  <system-out><![CDATA[]]></system-out>
  <system-err><![CDATA[]]></system-err>
</testsuite>
