<?xml version="1.0" encoding="UTF-8"?>
<testsuite name="com.aqueel.project.Sql2oItemDaoTest" tests="5" skipped="0" failures="0" errors="0" timestamp="2016-09-29T00:59:46" hostname="dhcp30.merunorth107.iit.edu" time="0.027">
  <properties/>
  <testcase name="findall" classname="com.aqueel.project.Sql2oItemDaoTest" time="0.006"/>
  <testcase name="add" classname="com.aqueel.project.Sql2oItemDaoTest" time="0.004"/>
  <testcase name="find" classname="com.aqueel.project.Sql2oItemDaoTest" time="0.006"/>
  <testcase name="findEmpty" classname="com.aqueel.project.Sql2oItemDaoTest" time="0.004"/>
  <testcase name="addNotWorks" classname="com.aqueel.project.Sql2oItemDaoTest" time="0.005"/>
  <system-out><![CDATA[]]></system-out>
  <system-err><![CDATA[]]></system-err>
</testsuite>
