<?xml version="1.0" encoding="UTF-8"?>
<testsuite name="Sql2oOrderDaoTest" tests="12" skipped="0" failures="0" errors="0" timestamp="2016-09-29T01:07:04" hostname="dhcp30.merunorth107.iit.edu" time="0.07">
  <properties/>
  <testcase name="findByCustomer" classname="Sql2oOrderDaoTest" time="0.007"/>
  <testcase name="cancel" classname="Sql2oOrderDaoTest" time="0.007"/>
  <testcase name="findBetweenLastOption" classname="Sql2oOrderDaoTest" time="0.006"/>
  <testcase name="findAll" classname="Sql2oOrderDaoTest" time="0.005"/>
  <testcase name="update" classname="Sql2oOrderDaoTest" time="0.006"/>
  <testcase name="findByDate" classname="Sql2oOrderDaoTest" time="0.008"/>
  <testcase name="findBetweenZeroOption" classname="Sql2oOrderDaoTest" time="0.004"/>
  <testcase name="findBetweenOneOption" classname="Sql2oOrderDaoTest" time="0.004"/>
  <testcase name="add" classname="Sql2oOrderDaoTest" time="0.005"/>
  <testcase name="find" classname="Sql2oOrderDaoTest" time="0.004"/>
  <testcase name="findBetween" classname="Sql2oOrderDaoTest" time="0.004"/>
  <testcase name="deliver" classname="Sql2oOrderDaoTest" time="0.006"/>
  <system-out><![CDATA[]]></system-out>
  <system-err><![CDATA[]]></system-err>
</testsuite>
