<?xml version="1.0" encoding="UTF-8"?>
<testsuite name="com.aqueel.project.Sql2oOrderDaoTest" tests="12" skipped="0" failures="0" errors="0" timestamp="2016-09-29T00:59:46" hostname="dhcp30.merunorth107.iit.edu" time="0.063">
  <properties/>
  <testcase name="findByCustomer" classname="com.aqueel.project.Sql2oOrderDaoTest" time="0.005"/>
  <testcase name="cancel" classname="com.aqueel.project.Sql2oOrderDaoTest" time="0.006"/>
  <testcase name="findBetweenLastOption" classname="com.aqueel.project.Sql2oOrderDaoTest" time="0.006"/>
  <testcase name="findAll" classname="com.aqueel.project.Sql2oOrderDaoTest" time="0.004"/>
  <testcase name="update" classname="com.aqueel.project.Sql2oOrderDaoTest" time="0.006"/>
  <testcase name="findByDate" classname="com.aqueel.project.Sql2oOrderDaoTest" time="0.006"/>
  <testcase name="findBetweenZeroOption" classname="com.aqueel.project.Sql2oOrderDaoTest" time="0.005"/>
  <testcase name="findBetweenOneOption" classname="com.aqueel.project.Sql2oOrderDaoTest" time="0.005"/>
  <testcase name="add" classname="com.aqueel.project.Sql2oOrderDaoTest" time="0.003"/>
  <testcase name="find" classname="com.aqueel.project.Sql2oOrderDaoTest" time="0.004"/>
  <testcase name="findBetween" classname="com.aqueel.project.Sql2oOrderDaoTest" time="0.004"/>
  <testcase name="deliver" classname="com.aqueel.project.Sql2oOrderDaoTest" time="0.006"/>
  <system-out><![CDATA[]]></system-out>
  <system-err><![CDATA[]]></system-err>
</testsuite>
