<?xml version="1.0" encoding="UTF-8"?>
<testsuite name="Sql2oCategoryDaoTest" tests="3" skipped="0" failures="0" errors="0" timestamp="2016-09-29T07:43:33" hostname="dhcp30.merunorth107.iit.edu" time="0.023">
  <properties/>
  <testcase name="add" classname="Sql2oCategoryDaoTest" time="0.006"/>
  <testcase name="find" classname="Sql2oCategoryDaoTest" time="0.007"/>
  <testcase name="addNotWorks" classname="Sql2oCategoryDaoTest" time="0.009"/>
  <system-out><![CDATA[]]></system-out>
  <system-err><![CDATA[]]></system-err>
</testsuite>
